[debug] [2018-12-13T09:16:36.000Z] ----------------------------------------------------------------------
[debug] [2018-12-13T09:16:36.002Z] Command:       /Users/dong-wongim/.nvm/versions/node/v8.11.1/bin/node /Users/dong-wongim/.nvm/versions/node/v8.11.1/bin/firebase serve
[debug] [2018-12-13T09:16:36.003Z] CLI Version:   6.1.2
[debug] [2018-12-13T09:16:36.003Z] Platform:      darwin
[debug] [2018-12-13T09:16:36.003Z] Node Version:  v8.11.1
[debug] [2018-12-13T09:16:36.003Z] Time:          Thu Dec 13 2018 18:16:36 GMT+0900 (KST)
[debug] [2018-12-13T09:16:36.003Z] ----------------------------------------------------------------------
[debug] 
[debug] [2018-12-13T09:16:36.015Z] > command requires scopes: ["email","openid","https://www.googleapis.com/auth/cloudplatformprojects.readonly","https://www.googleapis.com/auth/firebase","https://www.googleapis.com/auth/cloud-platform"]
[debug] [2018-12-13T09:16:36.017Z] > authorizing via signed-in user
[debug] [2018-12-13T09:16:36.018Z] [iam] checking project momf-b4498 for permissions ["firebase.projects.get"]
[debug] [2018-12-13T09:16:36.020Z] >>> HTTP REQUEST POST https://cloudresourcemanager.googleapis.com/v1/projects/momf-b4498:testIamPermissions  

[debug] [2018-12-13T09:16:37.085Z] <<< HTTP RESPONSE 200
[debug] [2018-12-13T09:16:37.092Z] >>> HTTP REQUEST GET https://cloudresourcemanager.googleapis.com/v1/projects/momf-b4498  
 
[debug] [2018-12-13T09:16:37.992Z] <<< HTTP RESPONSE 200
[info] 
[info] === Serving from '/Users/dong-wongim/Documents/momf'...
[info] 
[debug] [2018-12-13T09:16:37.994Z] >>> HTTP REQUEST GET https://mobilesdk-pa.googleapis.com/v1/projects/877497699465/clients/_:getWebAppConfig  
 
[debug] [2018-12-13T09:16:38.609Z] <<< HTTP RESPONSE 200
[info] i  hosting: Serving hosting files from: build
[info] ✔  hosting: Local server: http://localhost:5000
